#
# There is insufficient memory for the Java Runtime Environment to continue.
# Native memory allocation (malloc) failed to allocate 1198048 bytes. Error detail: Chunk::new
# Possible reasons:
#   The system is out of physical RAM or swap space
#   This process is running with CompressedOops enabled, and the Java Heap may be blocking the growth of the native heap
# Possible solutions:
#   Reduce memory load on the system
#   Increase physical memory or swap space
#   Check if swap backing store is full
#   Decrease Java heap size (-Xmx/-Xms)
#   Decrease number of Java threads
#   Decrease Java thread stack sizes (-Xss)
#   Set larger code cache with -XX:ReservedCodeCacheSize=
#   JVM is running with Unscaled Compressed Oops mode in which the Java heap is
#     placed in the first 4GB address space. The Java Heap base address is the
#     maximum limit for the native heap growth. Please use -XX:HeapBaseMinAddress
#     to set the Java Heap base and to place the Java Heap above 4GB virtual address.
# This output file may be truncated or incomplete.
#
#  Out of Memory Error (arena.cpp:168), pid=21908, tid=31652
#
# JRE version: OpenJDK Runtime Environment Temurin-21.0.6+7 (21.0.6+7) (build 21.0.6+7-LTS)
# Java VM: OpenJDK 64-Bit Server VM Temurin-21.0.6+7 (21.0.6+7-LTS, mixed mode, sharing, tiered, compressed oops, compressed class ptrs, parallel gc, windows-amd64)
# No core dump will be written. Minidumps are not enabled by default on client versions of Windows
#

---------------  S U M M A R Y ------------

Command Line: --add-modules=ALL-SYSTEM --add-opens=java.base/java.util=ALL-UNNAMED --add-opens=java.base/java.lang=ALL-UNNAMED --add-opens=java.base/sun.nio.fs=ALL-UNNAMED -Declipse.application=org.eclipse.jdt.ls.core.id1 -Dosgi.bundles.defaultStartLevel=4 -Declipse.product=org.eclipse.jdt.ls.core.product -Djava.import.generatesMetadataFilesAtProjectRoot=false -DDetectVMInstallationsJob.disabled=true -Dfile.encoding=utf8 -XX:+UseParallelGC -XX:GCTimeRatio=4 -XX:AdaptiveSizePolicyWeight=90 -Dsun.zip.disableMemoryMapping=true -Xmx1G -Xms100m -Xlog:disable -javaagent:c:\Users\Lenovo LOQ\.vscode\extensions\redhat.java-1.40.0-win32-x64\lombok\lombok-1.18.36.jar c:\Users\Lenovo LOQ\.vscode\extensions\redhat.java-1.40.0-win32-x64\server\plugins\org.eclipse.equinox.launcher_1.6.1000.v20250131-0606.jar -configuration c:\Users\Lenovo LOQ\AppData\Roaming\Code\User\globalStorage\redhat.java\1.40.0\config_ss_win -data c:\Users\Lenovo LOQ\AppData\Roaming\Code\User\workspaceStorage\764d310ac0ed68bb9f28030df169b57b\redhat.java\ss_ws --pipe=\\.\pipe\lsp-39fd4b94ae447e35a78fe40b56850473-sock

Host: 12th Gen Intel(R) Core(TM) i5-12450HX, 12 cores, 15G,  Windows 11 , 64 bit Build 26100 (10.0.26100.3360)
Time: Mon Mar 17 18:03:01 2025 Türkiye Standart Saati elapsed time: 37.857370 seconds (0d 0h 0m 37s)

---------------  T H R E A D  ---------------

Current thread (0x000001cb05c1fc00):  JavaThread "C2 CompilerThread1" daemon [_thread_in_native, id=31652, stack(0x000000c95b700000,0x000000c95b800000) (1024K)]


Current CompileTask:
C2:37857 3322       4       java.lang.invoke.MethodType::makeImpl (109 bytes)

Stack: [0x000000c95b700000,0x000000c95b800000]
Native frames: (J=compiled Java code, j=interpreted, Vv=VM code, C=native code)
V  [jvm.dll+0x6cdee9]
V  [jvm.dll+0x8a83d1]
V  [jvm.dll+0x8aa8fe]
V  [jvm.dll+0x8aafe3]
V  [jvm.dll+0x27f706]
V  [jvm.dll+0xc500d]
V  [jvm.dll+0xc5543]
V  [jvm.dll+0x3b678c]
V  [jvm.dll+0x1e0009]
V  [jvm.dll+0x247b42]
V  [jvm.dll+0x246fcf]
V  [jvm.dll+0x1c75ee]
V  [jvm.dll+0x25685a]
V  [jvm.dll+0x254dfa]
V  [jvm.dll+0x3f0256]
V  [jvm.dll+0x851f8b]
V  [jvm.dll+0x6cc5ed]
C  [ucrtbase.dll+0x37b0]
C  [KERNEL32.DLL+0x2e8d7]
C  [ntdll.dll+0xb197c]


---------------  P R O C E S S  ---------------

Threads class SMR info:
_java_thread_list=0x000001cb04095fe0, length=37, elements={
0x000001cb278014d0, 0x000001cb7f4544b0, 0x000001cb7f457090, 0x000001cb7f45b420,
0x000001cb7f45c550, 0x000001cb7f45efb0, 0x000001cb7f45fa00, 0x000001cb7f462840,
0x000001cb7f4d8940, 0x000001cb7f55f4e0, 0x000001cb7f796320, 0x000001cb046b8410,
0x000001cb046eb960, 0x000001cb045389c0, 0x000001cb0426f250, 0x000001cb0496dea0,
0x000001cb04187060, 0x000001cb04aa6230, 0x000001cb062de180, 0x000001cb05c1fc00,
0x000001cb062e1600, 0x000001cb062de810, 0x000001cb062df530, 0x000001cb062deea0,
0x000001cb062e0f70, 0x000001cb062dfbc0, 0x000001cb062e0250, 0x000001cb062e08e0,
0x000001cb04130c40, 0x000001cb0412eb70, 0x000001cb0412f200, 0x000001cb0412f890,
0x000001cb0412d7c0, 0x000001cb0412ff20, 0x000001cb0412e4e0, 0x000001cb041305b0,
0x000001cb041312d0
}

Java Threads: ( => current thread )
  0x000001cb278014d0 JavaThread "main"                              [_thread_blocked, id=20312, stack(0x000000c959500000,0x000000c959600000) (1024K)]
  0x000001cb7f4544b0 JavaThread "Reference Handler"          daemon [_thread_blocked, id=31180, stack(0x000000c959900000,0x000000c959a00000) (1024K)]
  0x000001cb7f457090 JavaThread "Finalizer"                  daemon [_thread_blocked, id=17500, stack(0x000000c959a00000,0x000000c959b00000) (1024K)]
  0x000001cb7f45b420 JavaThread "Signal Dispatcher"          daemon [_thread_blocked, id=30136, stack(0x000000c959b00000,0x000000c959c00000) (1024K)]
  0x000001cb7f45c550 JavaThread "Attach Listener"            daemon [_thread_blocked, id=30540, stack(0x000000c959c00000,0x000000c959d00000) (1024K)]
  0x000001cb7f45efb0 JavaThread "Service Thread"             daemon [_thread_blocked, id=21728, stack(0x000000c959d00000,0x000000c959e00000) (1024K)]
  0x000001cb7f45fa00 JavaThread "Monitor Deflation Thread"   daemon [_thread_blocked, id=30872, stack(0x000000c959e00000,0x000000c959f00000) (1024K)]
  0x000001cb7f462840 JavaThread "C2 CompilerThread0"         daemon [_thread_in_native, id=2596, stack(0x000000c959f00000,0x000000c95a000000) (1024K)]
  0x000001cb7f4d8940 JavaThread "C1 CompilerThread0"         daemon [_thread_blocked, id=24988, stack(0x000000c95a000000,0x000000c95a100000) (1024K)]
  0x000001cb7f55f4e0 JavaThread "Common-Cleaner"             daemon [_thread_blocked, id=19508, stack(0x000000c95a100000,0x000000c95a200000) (1024K)]
  0x000001cb7f796320 JavaThread "Notification Thread"        daemon [_thread_blocked, id=3876, stack(0x000000c95a200000,0x000000c95a300000) (1024K)]
  0x000001cb046b8410 JavaThread "Active Thread: Equinox Container: 03799371-b900-46a6-906c-64003004c999"        [_thread_blocked, id=18528, stack(0x000000c95a900000,0x000000c95aa00000) (1024K)]
  0x000001cb046eb960 JavaThread "Framework Event Dispatcher: Equinox Container: 03799371-b900-46a6-906c-64003004c999" daemon [_thread_blocked, id=34000, stack(0x000000c95aa00000,0x000000c95ab00000) (1024K)]
  0x000001cb045389c0 JavaThread "Start Level: Equinox Container: 03799371-b900-46a6-906c-64003004c999" daemon [_thread_blocked, id=24684, stack(0x000000c95ab00000,0x000000c95ac00000) (1024K)]
  0x000001cb0426f250 JavaThread "SCR Component Actor"        daemon [_thread_blocked, id=17620, stack(0x000000c95ac00000,0x000000c95ad00000) (1024K)]
  0x000001cb0496dea0 JavaThread "Worker-JM"                         [_thread_blocked, id=14048, stack(0x000000c95b000000,0x000000c95b100000) (1024K)]
  0x000001cb04187060 JavaThread "Worker-0"                          [_thread_blocked, id=8968, stack(0x000000c95af00000,0x000000c95b000000) (1024K)]
  0x000001cb04aa6230 JavaThread "Worker-1"                          [_thread_blocked, id=13524, stack(0x000000c95b200000,0x000000c95b300000) (1024K)]
  0x000001cb062de180 JavaThread "JNA Cleaner"                daemon [_thread_blocked, id=28196, stack(0x000000c95b300000,0x000000c95b400000) (1024K)]
=>0x000001cb05c1fc00 JavaThread "C2 CompilerThread1"         daemon [_thread_in_native, id=31652, stack(0x000000c95b700000,0x000000c95b800000) (1024K)]
  0x000001cb062e1600 JavaThread "Thread-2"                   daemon [_thread_in_native, id=13480, stack(0x000000c95b800000,0x000000c95b900000) (1024K)]
  0x000001cb062de810 JavaThread "Thread-3"                   daemon [_thread_in_native, id=18244, stack(0x000000c95b900000,0x000000c95ba00000) (1024K)]
  0x000001cb062df530 JavaThread "Thread-4"                   daemon [_thread_in_native, id=32304, stack(0x000000c95ba00000,0x000000c95bb00000) (1024K)]
  0x000001cb062deea0 JavaThread "Thread-5"                   daemon [_thread_in_native, id=13804, stack(0x000000c95bb00000,0x000000c95bc00000) (1024K)]
  0x000001cb062e0f70 JavaThread "Thread-6"                   daemon [_thread_in_native, id=8564, stack(0x000000c95bc00000,0x000000c95bd00000) (1024K)]
  0x000001cb062dfbc0 JavaThread "Thread-7"                   daemon [_thread_in_native, id=26828, stack(0x000000c95bd00000,0x000000c95be00000) (1024K)]
  0x000001cb062e0250 JavaThread "Thread-8"                   daemon [_thread_in_native, id=29136, stack(0x000000c95be00000,0x000000c95bf00000) (1024K)]
  0x000001cb062e08e0 JavaThread "Thread-9"                   daemon [_thread_in_native, id=8876, stack(0x000000c95bf00000,0x000000c95c000000) (1024K)]
  0x000001cb04130c40 JavaThread "Thread-10"                  daemon [_thread_in_native, id=21020, stack(0x000000c95c000000,0x000000c95c100000) (1024K)]
  0x000001cb0412eb70 JavaThread "Thread-11"                  daemon [_thread_in_native, id=26024, stack(0x000000c95c100000,0x000000c95c200000) (1024K)]
  0x000001cb0412f200 JavaThread "Thread-12"                  daemon [_thread_in_native, id=28740, stack(0x000000c95c200000,0x000000c95c300000) (1024K)]
  0x000001cb0412f890 JavaThread "Thread-13"                  daemon [_thread_in_native, id=12752, stack(0x000000c95c300000,0x000000c95c400000) (1024K)]
  0x000001cb0412d7c0 JavaThread "Thread-14"                  daemon [_thread_in_native, id=15088, stack(0x000000c95c400000,0x000000c95c500000) (1024K)]
  0x000001cb0412ff20 JavaThread "Worker-2"                          [_thread_blocked, id=8064, stack(0x000000c95c500000,0x000000c95c600000) (1024K)]
  0x000001cb0412e4e0 JavaThread "pool-2-thread-1"                   [_thread_blocked, id=31640, stack(0x000000c95c600000,0x000000c95c700000) (1024K)]
  0x000001cb041305b0 JavaThread "WorkspaceEventsHandler"            [_thread_blocked, id=1724, stack(0x000000c95c700000,0x000000c95c800000) (1024K)]
  0x000001cb041312d0 JavaThread "pool-1-thread-1"                   [_thread_in_Java, id=32216, stack(0x000000c95c800000,0x000000c95c900000) (1024K)]
Total: 37

Other Threads:
  0x000001cb3c3d8b00 VMThread "VM Thread"                           [id=11788, stack(0x000000c959800000,0x000000c959900000) (1024K)]
  0x000001cb3c2cca10 WatcherThread "VM Periodic Task Thread"        [id=29744, stack(0x000000c959700000,0x000000c959800000) (1024K)]
  0x000001cb278208c0 WorkerThread "GC Thread#0"                     [id=14776, stack(0x000000c959600000,0x000000c959700000) (1024K)]
  0x000001cb7f7ad7b0 WorkerThread "GC Thread#1"                     [id=26096, stack(0x000000c95a300000,0x000000c95a400000) (1024K)]
  0x000001cb041c2a00 WorkerThread "GC Thread#2"                     [id=25356, stack(0x000000c95a400000,0x000000c95a500000) (1024K)]
  0x000001cb04276c10 WorkerThread "GC Thread#3"                     [id=28436, stack(0x000000c95a500000,0x000000c95a600000) (1024K)]
  0x000001cb04276fb0 WorkerThread "GC Thread#4"                     [id=19728, stack(0x000000c95a600000,0x000000c95a700000) (1024K)]
  0x000001cb04196550 WorkerThread "GC Thread#5"                     [id=30544, stack(0x000000c95a700000,0x000000c95a800000) (1024K)]
  0x000001cb041968f0 WorkerThread "GC Thread#6"                     [id=6556, stack(0x000000c95a800000,0x000000c95a900000) (1024K)]
  0x000001cb0451d6d0 WorkerThread "GC Thread#7"                     [id=5320, stack(0x000000c95ad00000,0x000000c95ae00000) (1024K)]
  0x000001cb04a2b3c0 WorkerThread "GC Thread#8"                     [id=984, stack(0x000000c959300000,0x000000c959400000) (1024K)]
  0x000001cb04a2b020 WorkerThread "GC Thread#9"                     [id=35232, stack(0x000000c95b100000,0x000000c95b200000) (1024K)]
Total: 12

Threads with active compile tasks:
C2 CompilerThread0  37887 3328       4       java.lang.invoke.MethodType::methodType (69 bytes)
C1 CompilerThread0  37887 3416       3       com.sun.org.apache.xerces.internal.util.ParserConfigurationSettings::getFeature (20 bytes)
C2 CompilerThread1  37887 3322       4       java.lang.invoke.MethodType::makeImpl (109 bytes)
Total: 3

VM state: not at safepoint (normal execution)

VM Mutex/Monitor currently owned by a thread: None

Heap address: 0x00000000c0000000, size: 1024 MB, Compressed Oops mode: 32-bit

CDS archive(s) mapped at: [0x000001cb3d000000-0x000001cb3dba0000-0x000001cb3dba0000), size 12189696, SharedBaseAddress: 0x000001cb3d000000, ArchiveRelocationMode: 1.
Compressed class space mapped at: 0x000001cb3e000000-0x000001cb7e000000, reserved size: 1073741824
Narrow klass base: 0x000001cb3d000000, Narrow klass shift: 0, Narrow klass range: 0x100000000

GC Precious Log:
 CardTable entry size: 512
 CPUs: 12 total, 12 available
 Memory: 16091M
 Large Page Support: Disabled
 NUMA Support: Disabled
 Compressed Oops: Enabled (32-bit)
 Alignments: Space 512K, Generation 512K, Heap 2M
 Heap Min Capacity: 100M
 Heap Initial Capacity: 100M
 Heap Max Capacity: 1G
 Pre-touch: Disabled
 Parallel Workers: 10

Heap:
 PSYoungGen      total 27136K, used 3335K [0x00000000eab00000, 0x00000000ec980000, 0x0000000100000000)
  eden space 23552K, 0% used [0x00000000eab00000,0x00000000eab256d8,0x00000000ec200000)
  from space 3584K, 88% used [0x00000000ec600000,0x00000000ec91c6e0,0x00000000ec980000)
  to   space 3584K, 0% used [0x00000000ec280000,0x00000000ec280000,0x00000000ec600000)
 ParOldGen       total 68608K, used 10710K [0x00000000c0000000, 0x00000000c4300000, 0x00000000eab00000)
  object space 68608K, 15% used [0x00000000c0000000,0x00000000c0a75a48,0x00000000c4300000)
 Metaspace       used 28775K, committed 29632K, reserved 1114112K
  class space    used 2808K, committed 3200K, reserved 1048576K

Card table byte_map: [0x000001cb39c80000,0x000001cb39e90000] _byte_map_base: 0x000001cb39680000

Marking Bits: (ParMarkBitMap*) 0x00007ffe01333260
 Begin Bits: [0x000001cb39ff0000, 0x000001cb3aff0000)
 End Bits:   [0x000001cb3aff0000, 0x000001cb3bff0000)

Polling page: 0x000001cb25fb0000

Metaspace:

Usage:
  Non-class:     25.36 MB used.
      Class:      2.74 MB used.
       Both:     28.10 MB used.

Virtual space:
  Non-class space:       64.00 MB reserved,      25.81 MB ( 40%) committed,  1 nodes.
      Class space:        1.00 GB reserved,       3.12 MB ( <1%) committed,  1 nodes.
             Both:        1.06 GB reserved,      28.94 MB (  3%) committed. 

Chunk freelists:
   Non-Class:  5.72 MB
       Class:  12.91 MB
        Both:  18.63 MB

MaxMetaspaceSize: unlimited
CompressedClassSpaceSize: 1.00 GB
Initial GC threshold: 21.00 MB
Current GC threshold: 35.00 MB
CDS: on
 - commit_granule_bytes: 65536.
 - commit_granule_words: 8192.
 - virtual_space_node_default_size: 8388608.
 - enlarge_chunks_in_place: 1.
 - use_allocation_guard: 0.


Internal statistics:

num_allocs_failed_limit: 3.
num_arena_births: 532.
num_arena_deaths: 14.
num_vsnodes_births: 2.
num_vsnodes_deaths: 0.
num_space_committed: 463.
num_space_uncommitted: 0.
num_chunks_returned_to_freelist: 17.
num_chunks_taken_from_freelist: 1616.
num_chunk_merges: 8.
num_chunk_splits: 1069.
num_chunks_enlarged: 692.
num_inconsistent_stats: 0.

CodeHeap 'non-profiled nmethods': size=120000Kb used=1616Kb max_used=1616Kb free=118383Kb
 bounds [0x000001cb32570000, 0x000001cb327e0000, 0x000001cb39aa0000]
CodeHeap 'profiled nmethods': size=120000Kb used=6717Kb max_used=6717Kb free=113283Kb
 bounds [0x000001cb2aaa0000, 0x000001cb2b130000, 0x000001cb31fd0000]
CodeHeap 'non-nmethods': size=5760Kb used=1342Kb max_used=1356Kb free=4417Kb
 bounds [0x000001cb31fd0000, 0x000001cb32240000, 0x000001cb32570000]
 total_blobs=4044 nmethods=3409 adapters=540
 compilation: enabled
              stopped_count=0, restarted_count=0
 full_count=0

Compilation events (20 events):
Event: 36.719 Thread 0x000001cb7f4d8940 3397   !   3       java.lang.invoke.MethodHandleNatives::linkMethodHandleConstant (50 bytes)
Event: 36.719 Thread 0x000001cb7f4d8940 nmethod 3397 0x000001cb2b11ed10 code [0x000001cb2b11eee0, 0x000001cb2b11f0e8]
Event: 36.719 Thread 0x000001cb7f4d8940 3398       3       java.lang.invoke.MethodHandles$Lookup::linkMethodHandleConstant (223 bytes)
Event: 36.721 Thread 0x000001cb7f4d8940 nmethod 3398 0x000001cb2b11f290 code [0x000001cb2b11f680, 0x000001cb2b120e30]
Event: 36.768 Thread 0x000001cb7f4d8940 3399       1       java.lang.invoke.MethodHandle::internalForm (5 bytes)
Event: 36.769 Thread 0x000001cb7f4d8940 nmethod 3399 0x000001cb32703890 code [0x000001cb32703a20, 0x000001cb32703ae8]
Event: 36.770 Thread 0x000001cb7f4d8940 3400       3       com.sun.org.apache.xerces.internal.util.XMLStringBuffer::<init> (7 bytes)
Event: 36.770 Thread 0x000001cb7f4d8940 nmethod 3400 0x000001cb2b121590 code [0x000001cb2b121740, 0x000001cb2b121a20]
Event: 36.770 Thread 0x000001cb7f4d8940 3401       3       com.sun.org.apache.xerces.internal.impl.XMLScanner::setFeature (32 bytes)
Event: 36.770 Thread 0x000001cb7f4d8940 nmethod 3401 0x000001cb2b121b90 code [0x000001cb2b121d60, 0x000001cb2b121fa8]
Event: 36.770 Thread 0x000001cb7f4d8940 3402       1       jdk.xml.internal.XMLSecurityManager$Limit::systemProperty (5 bytes)
Event: 36.770 Thread 0x000001cb7f4d8940 nmethod 3402 0x000001cb32703b90 code [0x000001cb32703d20, 0x000001cb32703de8]
Event: 36.777 Thread 0x000001cb7f4d8940 3403       3       com.sun.org.apache.xml.internal.serializer.WriterToUTF8Buffered::write (296 bytes)
Event: 36.778 Thread 0x000001cb7f4d8940 nmethod 3403 0x000001cb2b122090 code [0x000001cb2b1222a0, 0x000001cb2b1228d8]
Event: 36.778 Thread 0x000001cb7f4d8940 3404       3       sun.nio.fs.NativeBuffers::getNativeBufferFromCache (51 bytes)
Event: 36.778 Thread 0x000001cb7f4d8940 nmethod 3404 0x000001cb2b122b90 code [0x000001cb2b122d80, 0x000001cb2b123488]
Event: 36.779 Thread 0x000001cb7f4d8940 3406       3       sun.nio.fs.NativeBuffers::releaseNativeBuffer (97 bytes)
Event: 36.779 Thread 0x000001cb7f4d8940 nmethod 3406 0x000001cb2b123690 code [0x000001cb2b123a00, 0x000001cb2b125328]
Event: 36.780 Thread 0x000001cb7f4d8940 3405       3       sun.nio.fs.NativeBuffer::release (5 bytes)
Event: 36.780 Thread 0x000001cb7f4d8940 nmethod 3405 0x000001cb2b125a10 code [0x000001cb2b125bc0, 0x000001cb2b125cf8]

GC Heap History (16 events):
Event: 5.967 GC heap before
{Heap before GC invocations=1 (full 0):
 PSYoungGen      total 29696K, used 25600K [0x00000000eab00000, 0x00000000ecc00000, 0x0000000100000000)
  eden space 25600K, 100% used [0x00000000eab00000,0x00000000ec400000,0x00000000ec400000)
  from space 4096K, 0% used [0x00000000ec800000,0x00000000ec800000,0x00000000ecc00000)
  to   space 4096K, 0% used [0x00000000ec400000,0x00000000ec400000,0x00000000ec800000)
 ParOldGen       total 68608K, used 0K [0x00000000c0000000, 0x00000000c4300000, 0x00000000eab00000)
  object space 68608K, 0% used [0x00000000c0000000,0x00000000c0000000,0x00000000c4300000)
 Metaspace       used 4312K, committed 4544K, reserved 1114112K
  class space    used 430K, committed 512K, reserved 1048576K
}
Event: 5.973 GC heap after
{Heap after GC invocations=1 (full 0):
 PSYoungGen      total 29696K, used 3205K [0x00000000eab00000, 0x00000000ecc00000, 0x0000000100000000)
  eden space 25600K, 0% used [0x00000000eab00000,0x00000000eab00000,0x00000000ec400000)
  from space 4096K, 78% used [0x00000000ec400000,0x00000000ec7217f0,0x00000000ec800000)
  to   space 4096K, 0% used [0x00000000ec800000,0x00000000ec800000,0x00000000ecc00000)
 ParOldGen       total 68608K, used 8K [0x00000000c0000000, 0x00000000c4300000, 0x00000000eab00000)
  object space 68608K, 0% used [0x00000000c0000000,0x00000000c0002000,0x00000000c4300000)
 Metaspace       used 4312K, committed 4544K, reserved 1114112K
  class space    used 430K, committed 512K, reserved 1048576K
}
Event: 28.976 GC heap before
{Heap before GC invocations=2 (full 0):
 PSYoungGen      total 29696K, used 28805K [0x00000000eab00000, 0x00000000ecc00000, 0x0000000100000000)
  eden space 25600K, 100% used [0x00000000eab00000,0x00000000ec400000,0x00000000ec400000)
  from space 4096K, 78% used [0x00000000ec400000,0x00000000ec7217f0,0x00000000ec800000)
  to   space 4096K, 0% used [0x00000000ec800000,0x00000000ec800000,0x00000000ecc00000)
 ParOldGen       total 68608K, used 8K [0x00000000c0000000, 0x00000000c4300000, 0x00000000eab00000)
  object space 68608K, 0% used [0x00000000c0000000,0x00000000c0002000,0x00000000c4300000)
 Metaspace       used 8208K, committed 8512K, reserved 1114112K
  class space    used 809K, committed 960K, reserved 1048576K
}
Event: 28.982 GC heap after
{Heap after GC invocations=2 (full 0):
 PSYoungGen      total 29696K, used 4085K [0x00000000eab00000, 0x00000000ecc00000, 0x0000000100000000)
  eden space 25600K, 0% used [0x00000000eab00000,0x00000000eab00000,0x00000000ec400000)
  from space 4096K, 99% used [0x00000000ec800000,0x00000000ecbfd7e0,0x00000000ecc00000)
  to   space 4096K, 0% used [0x00000000ec400000,0x00000000ec400000,0x00000000ec800000)
 ParOldGen       total 68608K, used 864K [0x00000000c0000000, 0x00000000c4300000, 0x00000000eab00000)
  object space 68608K, 1% used [0x00000000c0000000,0x00000000c00d8318,0x00000000c4300000)
 Metaspace       used 8208K, committed 8512K, reserved 1114112K
  class space    used 809K, committed 960K, reserved 1048576K
}
Event: 29.793 GC heap before
{Heap before GC invocations=3 (full 0):
 PSYoungGen      total 29696K, used 29685K [0x00000000eab00000, 0x00000000ecc00000, 0x0000000100000000)
  eden space 25600K, 100% used [0x00000000eab00000,0x00000000ec400000,0x00000000ec400000)
  from space 4096K, 99% used [0x00000000ec800000,0x00000000ecbfd7e0,0x00000000ecc00000)
  to   space 4096K, 0% used [0x00000000ec400000,0x00000000ec400000,0x00000000ec800000)
 ParOldGen       total 68608K, used 864K [0x00000000c0000000, 0x00000000c4300000, 0x00000000eab00000)
  object space 68608K, 1% used [0x00000000c0000000,0x00000000c00d8318,0x00000000c4300000)
 Metaspace       used 12974K, committed 13504K, reserved 1114112K
  class space    used 1302K, committed 1536K, reserved 1048576K
}
Event: 29.797 GC heap after
{Heap after GC invocations=3 (full 0):
 PSYoungGen      total 29696K, used 4094K [0x00000000eab00000, 0x00000000ecc00000, 0x0000000100000000)
  eden space 25600K, 0% used [0x00000000eab00000,0x00000000eab00000,0x00000000ec400000)
  from space 4096K, 99% used [0x00000000ec400000,0x00000000ec7ff838,0x00000000ec800000)
  to   space 4096K, 0% used [0x00000000ec800000,0x00000000ec800000,0x00000000ecc00000)
 ParOldGen       total 68608K, used 2882K [0x00000000c0000000, 0x00000000c4300000, 0x00000000eab00000)
  object space 68608K, 4% used [0x00000000c0000000,0x00000000c02d0918,0x00000000c4300000)
 Metaspace       used 12974K, committed 13504K, reserved 1114112K
  class space    used 1302K, committed 1536K, reserved 1048576K
}
Event: 30.166 GC heap before
{Heap before GC invocations=4 (full 0):
 PSYoungGen      total 29696K, used 29694K [0x00000000eab00000, 0x00000000ecc00000, 0x0000000100000000)
  eden space 25600K, 100% used [0x00000000eab00000,0x00000000ec400000,0x00000000ec400000)
  from space 4096K, 99% used [0x00000000ec400000,0x00000000ec7ff838,0x00000000ec800000)
  to   space 4096K, 0% used [0x00000000ec800000,0x00000000ec800000,0x00000000ecc00000)
 ParOldGen       total 68608K, used 2882K [0x00000000c0000000, 0x00000000c4300000, 0x00000000eab00000)
  object space 68608K, 4% used [0x00000000c0000000,0x00000000c02d0918,0x00000000c4300000)
 Metaspace       used 15878K, committed 16512K, reserved 1114112K
  class space    used 1581K, committed 1856K, reserved 1048576K
}
Event: 30.168 GC heap after
{Heap after GC invocations=4 (full 0):
 PSYoungGen      total 29696K, used 4092K [0x00000000eab00000, 0x00000000ecc00000, 0x0000000100000000)
  eden space 25600K, 0% used [0x00000000eab00000,0x00000000eab00000,0x00000000ec400000)
  from space 4096K, 99% used [0x00000000ec800000,0x00000000ecbff218,0x00000000ecc00000)
  to   space 4096K, 0% used [0x00000000ec400000,0x00000000ec400000,0x00000000ec800000)
 ParOldGen       total 68608K, used 4865K [0x00000000c0000000, 0x00000000c4300000, 0x00000000eab00000)
  object space 68608K, 7% used [0x00000000c0000000,0x00000000c04c06c0,0x00000000c4300000)
 Metaspace       used 15878K, committed 16512K, reserved 1114112K
  class space    used 1581K, committed 1856K, reserved 1048576K
}
Event: 30.503 GC heap before
{Heap before GC invocations=5 (full 0):
 PSYoungGen      total 29696K, used 29042K [0x00000000eab00000, 0x00000000ecc00000, 0x0000000100000000)
  eden space 25600K, 97% used [0x00000000eab00000,0x00000000ec35d658,0x00000000ec400000)
  from space 4096K, 99% used [0x00000000ec800000,0x00000000ecbff218,0x00000000ecc00000)
  to   space 4096K, 0% used [0x00000000ec400000,0x00000000ec400000,0x00000000ec800000)
 ParOldGen       total 68608K, used 4865K [0x00000000c0000000, 0x00000000c4300000, 0x00000000eab00000)
  object space 68608K, 7% used [0x00000000c0000000,0x00000000c04c06c0,0x00000000c4300000)
 Metaspace       used 20013K, committed 20608K, reserved 1114112K
  class space    used 1884K, committed 2112K, reserved 1048576K
}
Event: 30.505 GC heap after
{Heap after GC invocations=5 (full 0):
 PSYoungGen      total 29184K, used 4094K [0x00000000eab00000, 0x00000000ece80000, 0x0000000100000000)
  eden space 25088K, 0% used [0x00000000eab00000,0x00000000eab00000,0x00000000ec380000)
  from space 4096K, 99% used [0x00000000ec400000,0x00000000ec7ff8f8,0x00000000ec800000)
  to   space 5632K, 0% used [0x00000000ec900000,0x00000000ec900000,0x00000000ece80000)
 ParOldGen       total 68608K, used 6092K [0x00000000c0000000, 0x00000000c4300000, 0x00000000eab00000)
  object space 68608K, 8% used [0x00000000c0000000,0x00000000c05f33b0,0x00000000c4300000)
 Metaspace       used 20013K, committed 20608K, reserved 1114112K
  class space    used 1884K, committed 2112K, reserved 1048576K
}
Event: 31.959 GC heap before
{Heap before GC invocations=6 (full 0):
 PSYoungGen      total 29184K, used 24860K [0x00000000eab00000, 0x00000000ece80000, 0x0000000100000000)
  eden space 25088K, 82% used [0x00000000eab00000,0x00000000ebf479b8,0x00000000ec380000)
  from space 4096K, 99% used [0x00000000ec400000,0x00000000ec7ff8f8,0x00000000ec800000)
  to   space 5632K, 0% used [0x00000000ec900000,0x00000000ec900000,0x00000000ece80000)
 ParOldGen       total 68608K, used 6092K [0x00000000c0000000, 0x00000000c4300000, 0x00000000eab00000)
  object space 68608K, 8% used [0x00000000c0000000,0x00000000c05f33b0,0x00000000c4300000)
 Metaspace       used 20914K, committed 21504K, reserved 1114112K
  class space    used 1936K, committed 2176K, reserved 1048576K
}
Event: 31.973 GC heap after
{Heap after GC invocations=6 (full 0):
 PSYoungGen      total 30208K, used 5624K [0x00000000eab00000, 0x00000000ecf80000, 0x0000000100000000)
  eden space 24576K, 0% used [0x00000000eab00000,0x00000000eab00000,0x00000000ec300000)
  from space 5632K, 99% used [0x00000000ec900000,0x00000000ece7e2f8,0x00000000ece80000)
  to   space 6144K, 0% used [0x00000000ec300000,0x00000000ec300000,0x00000000ec900000)
 ParOldGen       total 68608K, used 6476K [0x00000000c0000000, 0x00000000c4300000, 0x00000000eab00000)
  object space 68608K, 9% used [0x00000000c0000000,0x00000000c06533b0,0x00000000c4300000)
 Metaspace       used 20914K, committed 21504K, reserved 1114112K
  class space    used 1936K, committed 2176K, reserved 1048576K
}
Event: 31.973 GC heap before
{Heap before GC invocations=7 (full 1):
 PSYoungGen      total 30208K, used 5624K [0x00000000eab00000, 0x00000000ecf80000, 0x0000000100000000)
  eden space 24576K, 0% used [0x00000000eab00000,0x00000000eab00000,0x00000000ec300000)
  from space 5632K, 99% used [0x00000000ec900000,0x00000000ece7e2f8,0x00000000ece80000)
  to   space 6144K, 0% used [0x00000000ec300000,0x00000000ec300000,0x00000000ec900000)
 ParOldGen       total 68608K, used 6476K [0x00000000c0000000, 0x00000000c4300000, 0x00000000eab00000)
  object space 68608K, 9% used [0x00000000c0000000,0x00000000c06533b0,0x00000000c4300000)
 Metaspace       used 20914K, committed 21504K, reserved 1114112K
  class space    used 1936K, committed 2176K, reserved 1048576K
}
Event: 32.004 GC heap after
{Heap after GC invocations=7 (full 1):
 PSYoungGen      total 30208K, used 0K [0x00000000eab00000, 0x00000000ecf80000, 0x0000000100000000)
  eden space 24576K, 0% used [0x00000000eab00000,0x00000000eab00000,0x00000000ec300000)
  from space 5632K, 0% used [0x00000000ec900000,0x00000000ec900000,0x00000000ece80000)
  to   space 6144K, 0% used [0x00000000ec300000,0x00000000ec300000,0x00000000ec900000)
 ParOldGen       total 68608K, used 10694K [0x00000000c0000000, 0x00000000c4300000, 0x00000000eab00000)
  object space 68608K, 15% used [0x00000000c0000000,0x00000000c0a71a48,0x00000000c4300000)
 Metaspace       used 20901K, committed 21504K, reserved 1114112K
  class space    used 1932K, committed 2176K, reserved 1048576K
}
Event: 34.698 GC heap before
{Heap before GC invocations=8 (full 1):
 PSYoungGen      total 30208K, used 24576K [0x00000000eab00000, 0x00000000ecf80000, 0x0000000100000000)
  eden space 24576K, 100% used [0x00000000eab00000,0x00000000ec300000,0x00000000ec300000)
  from space 5632K, 0% used [0x00000000ec900000,0x00000000ec900000,0x00000000ece80000)
  to   space 6144K, 0% used [0x00000000ec300000,0x00000000ec300000,0x00000000ec900000)
 ParOldGen       total 68608K, used 10694K [0x00000000c0000000, 0x00000000c4300000, 0x00000000eab00000)
  object space 68608K, 15% used [0x00000000c0000000,0x00000000c0a71a48,0x00000000c4300000)
 Metaspace       used 25289K, committed 26048K, reserved 1114112K
  class space    used 2383K, committed 2688K, reserved 1048576K
}
Event: 34.700 GC heap after
{Heap after GC invocations=8 (full 1):
 PSYoungGen      total 26112K, used 1629K [0x00000000eab00000, 0x00000000ec980000, 0x0000000100000000)
  eden space 24064K, 0% used [0x00000000eab00000,0x00000000eab00000,0x00000000ec280000)
  from space 2048K, 79% used [0x00000000ec300000,0x00000000ec4977b8,0x00000000ec500000)
  to   space 3584K, 0% used [0x00000000ec600000,0x00000000ec600000,0x00000000ec980000)
 ParOldGen       total 68608K, used 10702K [0x00000000c0000000, 0x00000000c4300000, 0x00000000eab00000)
  object space 68608K, 15% used [0x00000000c0000000,0x00000000c0a73a48,0x00000000c4300000)
 Metaspace       used 25289K, committed 26048K, reserved 1114112K
  class space    used 2383K, committed 2688K, reserved 1048576K
}

Dll operation events (12 events):
Event: 0.047 Loaded shared library c:\Users\Lenovo LOQ\.vscode\extensions\redhat.java-1.40.0-win32-x64\jre\21.0.6-win32-x86_64\bin\java.dll
Event: 0.145 Loaded shared library c:\Users\Lenovo LOQ\.vscode\extensions\redhat.java-1.40.0-win32-x64\jre\21.0.6-win32-x86_64\bin\zip.dll
Event: 0.809 Loaded shared library C:\Users\Lenovo LOQ\.vscode\extensions\redhat.java-1.40.0-win32-x64\jre\21.0.6-win32-x86_64\bin\instrument.dll
Event: 0.815 Loaded shared library C:\Users\Lenovo LOQ\.vscode\extensions\redhat.java-1.40.0-win32-x64\jre\21.0.6-win32-x86_64\bin\net.dll
Event: 0.817 Loaded shared library C:\Users\Lenovo LOQ\.vscode\extensions\redhat.java-1.40.0-win32-x64\jre\21.0.6-win32-x86_64\bin\nio.dll
Event: 0.821 Loaded shared library C:\Users\Lenovo LOQ\.vscode\extensions\redhat.java-1.40.0-win32-x64\jre\21.0.6-win32-x86_64\bin\zip.dll
Event: 0.910 Loaded shared library C:\Users\Lenovo LOQ\.vscode\extensions\redhat.java-1.40.0-win32-x64\jre\21.0.6-win32-x86_64\bin\jimage.dll
Event: 1.230 Loaded shared library c:\Users\Lenovo LOQ\.vscode\extensions\redhat.java-1.40.0-win32-x64\jre\21.0.6-win32-x86_64\bin\verify.dll
Event: 28.885 Loaded shared library C:\Users\Lenovo LOQ\AppData\Roaming\Code\User\globalStorage\redhat.java\1.40.0\config_ss_win\org.eclipse.equinox.launcher\org.eclipse.equinox.launcher.win32.win32.x86_64_1.2.1200.v20250212-0927\eclipse_11909.dll
Event: 29.832 Loaded shared library C:\Users\Lenovo LOQ\.vscode\extensions\redhat.java-1.40.0-win32-x64\jre\21.0.6-win32-x86_64\bin\management.dll
Event: 29.838 Loaded shared library C:\Users\Lenovo LOQ\.vscode\extensions\redhat.java-1.40.0-win32-x64\jre\21.0.6-win32-x86_64\bin\management_ext.dll
Event: 34.417 Loaded shared library C:\Users\Lenovo LOQ\AppData\Local\Temp\jna-1726617313\jna3575353525594053641.dll

Deoptimization events (20 events):
Event: 35.027 Thread 0x000001cb278014d0 DEOPT PACKING pc=0x000001cb325a44c4 sp=0x000000c9595fe890
Event: 35.027 Thread 0x000001cb278014d0 DEOPT UNPACKING pc=0x000001cb32023aa2 sp=0x000000c9595fe828 mode 2
Event: 35.082 Thread 0x000001cb041312d0 Uncommon trap: trap_request=0xffffff45 fr.pc=0x000001cb326a2a8c relative=0x0000000000000c0c
Event: 35.082 Thread 0x000001cb041312d0 Uncommon trap: reason=unstable_if action=reinterpret pc=0x000001cb326a2a8c method=java.util.concurrent.ConcurrentHashMap.transfer([Ljava/util/concurrent/ConcurrentHashMap$Node;[Ljava/util/concurrent/ConcurrentHashMap$Node;)V @ 26 c2
Event: 35.082 Thread 0x000001cb041312d0 DEOPT PACKING pc=0x000001cb326a2a8c sp=0x000000c95c8fde30
Event: 35.082 Thread 0x000001cb041312d0 DEOPT UNPACKING pc=0x000001cb32023aa2 sp=0x000000c95c8fdda0 mode 2
Event: 35.090 Thread 0x000001cb041312d0 Uncommon trap: trap_request=0xffffffde fr.pc=0x000001cb326e39f0 relative=0x0000000000000050
Event: 35.090 Thread 0x000001cb041312d0 Uncommon trap: reason=class_check action=maybe_recompile pc=0x000001cb326e39f0 method=java.lang.invoke.DirectMethodHandle.internalMemberName(Ljava/lang/Object;)Ljava/lang/Object; @ 1 c2
Event: 35.090 Thread 0x000001cb041312d0 DEOPT PACKING pc=0x000001cb326e39f0 sp=0x000000c95c8fecf0
Event: 35.090 Thread 0x000001cb041312d0 DEOPT UNPACKING pc=0x000001cb32023aa2 sp=0x000000c95c8fec80 mode 2
Event: 36.162 Thread 0x000001cb041312d0 Uncommon trap: trap_request=0xffffff45 fr.pc=0x000001cb325e67cc relative=0x00000000000007cc
Event: 36.162 Thread 0x000001cb041312d0 Uncommon trap: reason=unstable_if action=reinterpret pc=0x000001cb325e67cc method=java.lang.StringLatin1.toUpperCase(Ljava/lang/String;[BLjava/util/Locale;)Ljava/lang/String; @ 73 c2
Event: 36.162 Thread 0x000001cb041312d0 DEOPT PACKING pc=0x000001cb325e67cc sp=0x000000c95c8fe5e0
Event: 36.162 Thread 0x000001cb041312d0 DEOPT UNPACKING pc=0x000001cb32023aa2 sp=0x000000c95c8fe580 mode 2
Event: 36.261 Thread 0x000001cb041312d0 Uncommon trap: trap_request=0xffffff76 fr.pc=0x000001cb326d146c relative=0x000000000000092c
Event: 36.269 Thread 0x000001cb041312d0 Uncommon trap: reason=predicate action=maybe_recompile pc=0x000001cb326d146c method=java.util.TreeMap.put(Ljava/lang/Object;Ljava/lang/Object;Z)Ljava/lang/Object; @ 27 c2
Event: 36.269 Thread 0x000001cb041312d0 DEOPT PACKING pc=0x000001cb326d146c sp=0x000000c95c8fe2b0
Event: 36.269 Thread 0x000001cb041312d0 DEOPT UNPACKING pc=0x000001cb32023aa2 sp=0x000000c95c8fe270 mode 2
Event: 36.459 Thread 0x000001cb041312d0 DEOPT PACKING pc=0x000001cb2b08e4a6 sp=0x000000c95c8fb590
Event: 36.459 Thread 0x000001cb041312d0 DEOPT UNPACKING pc=0x000001cb32024242 sp=0x000000c95c8faa88 mode 0

Classes loaded (20 events):
Event: 36.417 Loading class javax/xml/parsers/FactoryConfigurationError
Event: 36.417 Loading class javax/xml/parsers/FactoryConfigurationError done
Event: 36.717 Loading class java/io/UncheckedIOException
Event: 36.717 Loading class java/io/UncheckedIOException done
Event: 36.728 Loading class java/nio/file/FileChannelLinesSpliterator
Event: 36.728 Loading class java/nio/file/FileChannelLinesSpliterator done
Event: 36.757 Loading class java/nio/channels/spi/AbstractInterruptibleChannel$1
Event: 36.758 Loading class sun/nio/ch/Interruptible
Event: 36.758 Loading class sun/nio/ch/Interruptible done
Event: 36.758 Loading class java/nio/channels/spi/AbstractInterruptibleChannel$1 done
Event: 36.758 Loading class java/util/stream/Streams$1
Event: 36.759 Loading class java/util/stream/Streams$1 done
Event: 36.759 Loading class java/nio/file/FileChannelLinesSpliterator$1
Event: 36.767 Loading class java/nio/file/FileChannelLinesSpliterator$1 done
Event: 36.767 Loading class java/io/FileReader
Event: 36.767 Loading class java/io/FileReader done
Event: 36.779 Loading class sun/net/www/protocol/https/Handler
Event: 36.779 Loading class sun/net/www/protocol/http/Handler
Event: 36.780 Loading class sun/net/www/protocol/http/Handler done
Event: 36.780 Loading class sun/net/www/protocol/https/Handler done

Classes unloaded (7 events):
Event: 31.984 Thread 0x000001cb3c3d8b00 Unloading class 0x000001cb3e184400 'java/lang/invoke/LambdaForm$MH+0x000001cb3e184400'
Event: 31.984 Thread 0x000001cb3c3d8b00 Unloading class 0x000001cb3e184000 'java/lang/invoke/LambdaForm$MH+0x000001cb3e184000'
Event: 31.984 Thread 0x000001cb3c3d8b00 Unloading class 0x000001cb3e183c00 'java/lang/invoke/LambdaForm$MH+0x000001cb3e183c00'
Event: 31.984 Thread 0x000001cb3c3d8b00 Unloading class 0x000001cb3e183800 'java/lang/invoke/LambdaForm$MH+0x000001cb3e183800'
Event: 31.984 Thread 0x000001cb3c3d8b00 Unloading class 0x000001cb3e183400 'java/lang/invoke/LambdaForm$BMH+0x000001cb3e183400'
Event: 31.984 Thread 0x000001cb3c3d8b00 Unloading class 0x000001cb3e183000 'java/lang/invoke/LambdaForm$DMH+0x000001cb3e183000'
Event: 31.984 Thread 0x000001cb3c3d8b00 Unloading class 0x000001cb3e182000 'java/lang/invoke/LambdaForm$DMH+0x000001cb3e182000'

Classes redefined (0 events):
No events

Internal exceptions (20 events):
Event: 34.716 Thread 0x000001cb04aa6230 Exception <a 'java/io/FileNotFoundException'{0x00000000eab77e28}> (0x00000000eab77e28) 
thrown [s\src\hotspot\share\prims\jni.cpp, line 520]
Event: 34.716 Thread 0x000001cb04aa6230 Exception <a 'java/io/FileNotFoundException'{0x00000000eab78f20}> (0x00000000eab78f20) 
thrown [s\src\hotspot\share\prims\jni.cpp, line 520]
Event: 34.992 Thread 0x000001cb278014d0 Exception <a 'java/lang/NoSuchMethodError'{0x00000000eb5dcf98}: 'void java.lang.invoke.DirectMethodHandle$Holder.invokeSpecial(java.lang.Object, java.lang.Object, java.lang.Object, java.lang.Object, java.lang.Object, java.lang.Object)'> (0x00000000eb5dcf98) 
thrown [s\src\hotspot\share\interpreter\linkResolver.cpp, line 773]
Event: 34.994 Thread 0x000001cb278014d0 Exception <a 'java/lang/IncompatibleClassChangeError'{0x00000000eb5e5278}: Found class java.lang.Object, but interface was expected> (0x00000000eb5e5278) 
thrown [s\src\hotspot\share\interpreter\linkResolver.cpp, line 840]
Event: 34.995 Thread 0x000001cb278014d0 Exception <a 'java/lang/IncompatibleClassChangeError'{0x00000000eb5e7178}: Found class java.lang.Object, but interface was expected> (0x00000000eb5e7178) 
thrown [s\src\hotspot\share\interpreter\linkResolver.cpp, line 840]
Event: 35.090 Thread 0x000001cb041312d0 Exception <a 'java/lang/NoSuchMethodError'{0x00000000ebb5fd20}: 'java.lang.Object java.lang.invoke.DirectMethodHandle$Holder.invokeInterface(java.lang.Object, java.lang.Object, java.lang.Object)'> (0x00000000ebb5fd20) 
thrown [s\src\hotspot\share\interpreter\linkResolver.cpp, line 773]
Event: 36.162 Thread 0x000001cb041312d0 Exception <a 'java/io/FileNotFoundException'{0x00000000ebbeb710}> (0x00000000ebbeb710) 
thrown [s\src\hotspot\share\prims\jni.cpp, line 520]
Event: 36.260 Thread 0x000001cb041312d0 Exception <a 'sun/nio/fs/WindowsException'{0x00000000ebd6f560}> (0x00000000ebd6f560) 
thrown [s\src\hotspot\share\prims\jni.cpp, line 520]
Event: 36.276 Thread 0x000001cb041312d0 Exception <a 'sun/nio/fs/WindowsException'{0x00000000ebd83130}> (0x00000000ebd83130) 
thrown [s\src\hotspot\share\prims\jni.cpp, line 520]
Event: 36.568 Thread 0x000001cb041312d0 Exception <a 'java/io/FileNotFoundException'{0x00000000ebf94eb8}> (0x00000000ebf94eb8) 
thrown [s\src\hotspot\share\prims\jni.cpp, line 520]
Event: 36.726 Thread 0x000001cb041312d0 Exception <a 'sun/nio/fs/WindowsException'{0x00000000ec102948}> (0x00000000ec102948) 
thrown [s\src\hotspot\share\prims\jni.cpp, line 520]
Event: 36.726 Thread 0x000001cb041312d0 Exception <a 'sun/nio/fs/WindowsException'{0x00000000ec103488}> (0x00000000ec103488) 
thrown [s\src\hotspot\share\prims\jni.cpp, line 520]
Event: 36.773 Thread 0x000001cb041312d0 Exception <a 'sun/nio/fs/WindowsException'{0x00000000ec14af50}> (0x00000000ec14af50) 
thrown [s\src\hotspot\share\prims\jni.cpp, line 520]
Event: 36.773 Thread 0x000001cb041312d0 Exception <a 'sun/nio/fs/WindowsException'{0x00000000ec14ba90}> (0x00000000ec14ba90) 
thrown [s\src\hotspot\share\prims\jni.cpp, line 520]
Event: 36.773 Thread 0x000001cb041312d0 Exception <a 'sun/nio/fs/WindowsException'{0x00000000ec14cc10}> (0x00000000ec14cc10) 
thrown [s\src\hotspot\share\prims\jni.cpp, line 520]
Event: 36.773 Thread 0x000001cb041312d0 Exception <a 'sun/nio/fs/WindowsException'{0x00000000ec14d750}> (0x00000000ec14d750) 
thrown [s\src\hotspot\share\prims\jni.cpp, line 520]
Event: 36.778 Thread 0x000001cb041312d0 Exception <a 'sun/nio/fs/WindowsException'{0x00000000ec17a9b8}> (0x00000000ec17a9b8) 
thrown [s\src\hotspot\share\prims\jni.cpp, line 520]
Event: 36.778 Thread 0x000001cb041312d0 Exception <a 'sun/nio/fs/WindowsException'{0x00000000ec17b4f8}> (0x00000000ec17b4f8) 
thrown [s\src\hotspot\share\prims\jni.cpp, line 520]
Event: 36.814 Thread 0x000001cb041312d0 Exception <a 'sun/nio/fs/WindowsException'{0x00000000ec1868e0}> (0x00000000ec1868e0) 
thrown [s\src\hotspot\share\prims\jni.cpp, line 520]
Event: 36.815 Thread 0x000001cb041312d0 Exception <a 'sun/nio/fs/WindowsException'{0x00000000ec187420}> (0x00000000ec187420) 
thrown [s\src\hotspot\share\prims\jni.cpp, line 520]

ZGC Phase Switch (0 events):
No events

VM Operations (20 events):
Event: 32.795 Executing VM operation: HandshakeAllThreads (Deoptimize)
Event: 32.795 Executing VM operation: HandshakeAllThreads (Deoptimize) done
Event: 33.795 Executing VM operation: Cleanup
Event: 33.835 Executing VM operation: Cleanup done
Event: 33.931 Executing VM operation: HandshakeAllThreads (Deoptimize)
Event: 33.931 Executing VM operation: HandshakeAllThreads (Deoptimize) done
Event: 34.103 Executing VM operation: HandshakeAllThreads (Deoptimize)
Event: 34.103 Executing VM operation: HandshakeAllThreads (Deoptimize) done
Event: 34.142 Executing VM operation: HandshakeAllThreads (Deoptimize)
Event: 34.142 Executing VM operation: HandshakeAllThreads (Deoptimize) done
Event: 34.461 Executing VM operation: HandshakeAllThreads (Deoptimize)
Event: 34.461 Executing VM operation: HandshakeAllThreads (Deoptimize) done
Event: 34.685 Executing VM operation: ParallelGCFailedAllocation (Allocation Failure)
Event: 34.700 Executing VM operation: ParallelGCFailedAllocation (Allocation Failure) done
Event: 35.096 Executing VM operation: HandshakeAllThreads (Deoptimize)
Event: 35.096 Executing VM operation: HandshakeAllThreads (Deoptimize) done
Event: 36.098 Executing VM operation: Cleanup
Event: 36.098 Executing VM operation: Cleanup done
Event: 37.115 Executing VM operation: Cleanup
Event: 37.115 Executing VM operation: Cleanup done

Memory protections (0 events):
No events

Nmethod flushes (0 events):
No events

Events (20 events):
Event: 34.467 Thread 0x000001cb045389c0 Thread added: 0x000001cb062de180
Event: 34.606 Thread 0x000001cb7f462840 Thread added: 0x000001cb05c1fc00
Event: 34.668 Thread 0x000001cb278014d0 Thread added: 0x000001cb062e1600
Event: 34.668 Thread 0x000001cb278014d0 Thread added: 0x000001cb062de810
Event: 34.668 Thread 0x000001cb278014d0 Thread added: 0x000001cb062df530
Event: 34.668 Thread 0x000001cb278014d0 Thread added: 0x000001cb062deea0
Event: 34.668 Thread 0x000001cb278014d0 Thread added: 0x000001cb062e0f70
Event: 34.668 Thread 0x000001cb278014d0 Thread added: 0x000001cb062dfbc0
Event: 34.668 Thread 0x000001cb278014d0 Thread added: 0x000001cb062e0250
Event: 34.668 Thread 0x000001cb278014d0 Thread added: 0x000001cb062e08e0
Event: 34.669 Thread 0x000001cb278014d0 Thread added: 0x000001cb04130c40
Event: 34.669 Thread 0x000001cb278014d0 Thread added: 0x000001cb0412eb70
Event: 34.669 Thread 0x000001cb278014d0 Thread added: 0x000001cb0412f200
Event: 34.669 Thread 0x000001cb278014d0 Thread added: 0x000001cb0412f890
Event: 34.669 Thread 0x000001cb278014d0 Thread added: 0x000001cb0412d7c0
Event: 34.717 Thread 0x000001cb04187060 Thread added: 0x000001cb0412ff20
Event: 34.729 Thread 0x000001cb278014d0 Thread added: 0x000001cb0412e4e0
Event: 35.009 Thread 0x000001cb278014d0 Thread added: 0x000001cb041305b0
Event: 35.009 Thread 0x000001cb278014d0 Thread added: 0x000001cb041312d0
Event: 35.019 Thread 0x000001cb7f6ef520 Thread exited: 0x000001cb7f6ef520


Dynamic libraries:
0x00007ff65ed90000 - 0x00007ff65ed9e000 	c:\Users\Lenovo LOQ\.vscode\extensions\redhat.java-1.40.0-win32-x64\jre\21.0.6-win32-x86_64\bin\java.exe
0x00007ffed04a0000 - 0x00007ffed0700000 	C:\WINDOWS\SYSTEM32\ntdll.dll
0x00007ffece690000 - 0x00007ffece757000 	C:\WINDOWS\System32\KERNEL32.DLL
0x00007ffecd710000 - 0x00007ffecdad9000 	C:\WINDOWS\System32\KERNELBASE.dll
0x00007ffecdc20000 - 0x00007ffecdd6c000 	C:\WINDOWS\System32\ucrtbase.dll
0x00007ffe19610000 - 0x00007ffe1962e000 	c:\Users\Lenovo LOQ\.vscode\extensions\redhat.java-1.40.0-win32-x64\jre\21.0.6-win32-x86_64\bin\VCRUNTIME140.dll
0x00007ffe17500000 - 0x00007ffe17518000 	c:\Users\Lenovo LOQ\.vscode\extensions\redhat.java-1.40.0-win32-x64\jre\21.0.6-win32-x86_64\bin\jli.dll
0x00007ffed0280000 - 0x00007ffed0449000 	C:\WINDOWS\System32\USER32.dll
0x00007ffecdd70000 - 0x00007ffecdd97000 	C:\WINDOWS\System32\win32u.dll
0x00007ffed0250000 - 0x00007ffed027a000 	C:\WINDOWS\System32\GDI32.dll
0x00007ffecdae0000 - 0x00007ffecdc11000 	C:\WINDOWS\System32\gdi32full.dll
0x00007ffece070000 - 0x00007ffece113000 	C:\WINDOWS\System32\msvcp_win.dll
0x00007ffea2d80000 - 0x00007ffea3017000 	C:\WINDOWS\WinSxS\amd64_microsoft.windows.common-controls_6595b64144ccf1df_6.0.26100.3380_none_3e0ec6aae32e8fb7\COMCTL32.dll
0x00007ffece790000 - 0x00007ffece839000 	C:\WINDOWS\System32\msvcrt.dll
0x00007ffece940000 - 0x00007ffece96f000 	C:\WINDOWS\System32\IMM32.DLL
0x00007ffea9950000 - 0x00007ffea995c000 	c:\Users\Lenovo LOQ\.vscode\extensions\redhat.java-1.40.0-win32-x64\jre\21.0.6-win32-x86_64\bin\vcruntime140_1.dll
0x00007ffe01410000 - 0x00007ffe0149d000 	c:\Users\Lenovo LOQ\.vscode\extensions\redhat.java-1.40.0-win32-x64\jre\21.0.6-win32-x86_64\bin\msvcp140.dll
0x00007ffe00680000 - 0x00007ffe01410000 	c:\Users\Lenovo LOQ\.vscode\extensions\redhat.java-1.40.0-win32-x64\jre\21.0.6-win32-x86_64\bin\server\jvm.dll
0x00007ffececb0000 - 0x00007ffeced62000 	C:\WINDOWS\System32\ADVAPI32.dll
0x00007ffece840000 - 0x00007ffece8e6000 	C:\WINDOWS\System32\sechost.dll
0x00007ffeceb20000 - 0x00007ffecec36000 	C:\WINDOWS\System32\RPCRT4.dll
0x00007ffed00c0000 - 0x00007ffed0134000 	C:\WINDOWS\System32\WS2_32.dll
0x00007ffecc960000 - 0x00007ffecc9be000 	C:\WINDOWS\SYSTEM32\POWRPROF.dll
0x00007ffec9e70000 - 0x00007ffec9ea6000 	C:\WINDOWS\SYSTEM32\WINMM.dll
0x00007ffebff20000 - 0x00007ffebff2b000 	C:\WINDOWS\SYSTEM32\VERSION.dll
0x00007ffecc830000 - 0x00007ffecc844000 	C:\WINDOWS\SYSTEM32\UMPDC.dll
0x00007ffecc4c0000 - 0x00007ffecc4da000 	C:\WINDOWS\SYSTEM32\kernel.appcore.dll
0x00007ffea7e50000 - 0x00007ffea7e5a000 	c:\Users\Lenovo LOQ\.vscode\extensions\redhat.java-1.40.0-win32-x64\jre\21.0.6-win32-x86_64\bin\jimage.dll
0x00007ffecad70000 - 0x00007ffecafb1000 	C:\WINDOWS\SYSTEM32\DBGHELP.DLL
0x00007ffeced80000 - 0x00007ffecf102000 	C:\WINDOWS\System32\combase.dll
0x00007ffece530000 - 0x00007ffece606000 	C:\WINDOWS\System32\OLEAUT32.dll
0x00007ffeb1830000 - 0x00007ffeb1869000 	C:\WINDOWS\SYSTEM32\dbgcore.DLL
0x00007ffecdda0000 - 0x00007ffecde39000 	C:\WINDOWS\System32\bcryptPrimitives.dll
0x00007ffe7cd70000 - 0x00007ffe7cd7f000 	c:\Users\Lenovo LOQ\.vscode\extensions\redhat.java-1.40.0-win32-x64\jre\21.0.6-win32-x86_64\bin\instrument.dll
0x00007ffe17390000 - 0x00007ffe173af000 	c:\Users\Lenovo LOQ\.vscode\extensions\redhat.java-1.40.0-win32-x64\jre\21.0.6-win32-x86_64\bin\java.dll
0x00007ffecf5b0000 - 0x00007ffecfcce000 	C:\WINDOWS\System32\SHELL32.dll
0x00007ffecdf00000 - 0x00007ffece068000 	C:\WINDOWS\System32\wintypes.dll
0x00007ffecb330000 - 0x00007ffecbb7a000 	C:\WINDOWS\SYSTEM32\windows.storage.dll
0x00007ffecff20000 - 0x00007ffed000d000 	C:\WINDOWS\System32\SHCORE.dll
0x00007ffecec40000 - 0x00007ffececa4000 	C:\WINDOWS\System32\shlwapi.dll
0x00007ffecd590000 - 0x00007ffecd5bf000 	C:\WINDOWS\SYSTEM32\profapi.dll
0x00007ffdfff80000 - 0x00007ffdfff98000 	c:\Users\Lenovo LOQ\.vscode\extensions\redhat.java-1.40.0-win32-x64\jre\21.0.6-win32-x86_64\bin\zip.dll
0x00007ffe89d90000 - 0x00007ffe89da0000 	C:\Users\Lenovo LOQ\.vscode\extensions\redhat.java-1.40.0-win32-x64\jre\21.0.6-win32-x86_64\bin\net.dll
0x00007ffec4b50000 - 0x00007ffec4c6d000 	C:\WINDOWS\SYSTEM32\WINHTTP.dll
0x00007ffecca70000 - 0x00007ffeccada000 	C:\WINDOWS\system32\mswsock.dll
0x00007ffdffb30000 - 0x00007ffdffb46000 	C:\Users\Lenovo LOQ\.vscode\extensions\redhat.java-1.40.0-win32-x64\jre\21.0.6-win32-x86_64\bin\nio.dll
0x00007ffe76a80000 - 0x00007ffe76a90000 	c:\Users\Lenovo LOQ\.vscode\extensions\redhat.java-1.40.0-win32-x64\jre\21.0.6-win32-x86_64\bin\verify.dll
0x00007ffdf48e0000 - 0x00007ffdf4925000 	C:\Users\Lenovo LOQ\AppData\Roaming\Code\User\globalStorage\redhat.java\1.40.0\config_ss_win\org.eclipse.equinox.launcher\org.eclipse.equinox.launcher.win32.win32.x86_64_1.2.1200.v20250212-0927\eclipse_11909.dll
0x00007ffece980000 - 0x00007ffeceb15000 	C:\WINDOWS\System32\ole32.dll
0x00007ffeac530000 - 0x00007ffeac53a000 	C:\Users\Lenovo LOQ\.vscode\extensions\redhat.java-1.40.0-win32-x64\jre\21.0.6-win32-x86_64\bin\management.dll
0x00007ffe8a010000 - 0x00007ffe8a01b000 	C:\Users\Lenovo LOQ\.vscode\extensions\redhat.java-1.40.0-win32-x64\jre\21.0.6-win32-x86_64\bin\management_ext.dll
0x00007ffecf5a0000 - 0x00007ffecf5a8000 	C:\WINDOWS\System32\PSAPI.DLL
0x00007ffeccdb0000 - 0x00007ffeccdcc000 	C:\WINDOWS\SYSTEM32\CRYPTSP.dll
0x00007ffecc3b0000 - 0x00007ffecc3ea000 	C:\WINDOWS\system32\rsaenh.dll
0x00007ffeccb10000 - 0x00007ffeccb3b000 	C:\WINDOWS\SYSTEM32\USERENV.dll
0x00007ffeccf40000 - 0x00007ffeccf66000 	C:\WINDOWS\SYSTEM32\bcrypt.dll
0x00007ffeccca0000 - 0x00007ffecccac000 	C:\WINDOWS\SYSTEM32\CRYPTBASE.dll
0x00007ffecbe70000 - 0x00007ffecbea3000 	C:\WINDOWS\SYSTEM32\IPHLPAPI.DLL
0x00007ffece2a0000 - 0x00007ffece2aa000 	C:\WINDOWS\System32\NSI.dll
0x00007ffdfcc40000 - 0x00007ffdfcc89000 	C:\Users\Lenovo LOQ\AppData\Local\Temp\jna-1726617313\jna3575353525594053641.dll
0x00007ffec4950000 - 0x00007ffec496f000 	C:\WINDOWS\SYSTEM32\dhcpcsvc6.DLL
0x00007ffec47c0000 - 0x00007ffec47e5000 	C:\WINDOWS\SYSTEM32\dhcpcsvc.DLL

dbghelp: loaded successfully - version: 4.0.5 - missing functions: none
symbol engine: initialized successfully - sym options: 0x614 - pdb path: .;c:\Users\Lenovo LOQ\.vscode\extensions\redhat.java-1.40.0-win32-x64\jre\21.0.6-win32-x86_64\bin;C:\WINDOWS\SYSTEM32;C:\WINDOWS\WinSxS\amd64_microsoft.windows.common-controls_6595b64144ccf1df_6.0.26100.3380_none_3e0ec6aae32e8fb7;c:\Users\Lenovo LOQ\.vscode\extensions\redhat.java-1.40.0-win32-x64\jre\21.0.6-win32-x86_64\bin\server;C:\Users\Lenovo LOQ\AppData\Roaming\Code\User\globalStorage\redhat.java\1.40.0\config_ss_win\org.eclipse.equinox.launcher\org.eclipse.equinox.launcher.win32.win32.x86_64_1.2.1200.v20250212-0927;C:\Users\Lenovo LOQ\AppData\Local\Temp\jna-1726617313

VM Arguments:
jvm_args: --add-modules=ALL-SYSTEM --add-opens=java.base/java.util=ALL-UNNAMED --add-opens=java.base/java.lang=ALL-UNNAMED --add-opens=java.base/sun.nio.fs=ALL-UNNAMED -Declipse.application=org.eclipse.jdt.ls.core.id1 -Dosgi.bundles.defaultStartLevel=4 -Declipse.product=org.eclipse.jdt.ls.core.product -Djava.import.generatesMetadataFilesAtProjectRoot=false -DDetectVMInstallationsJob.disabled=true -Dfile.encoding=utf8 -XX:+UseParallelGC -XX:GCTimeRatio=4 -XX:AdaptiveSizePolicyWeight=90 -Dsun.zip.disableMemoryMapping=true -Xmx1G -Xms100m -Xlog:disable -javaagent:c:\Users\Lenovo LOQ\.vscode\extensions\redhat.java-1.40.0-win32-x64\lombok\lombok-1.18.36.jar 
java_command: c:\Users\Lenovo LOQ\.vscode\extensions\redhat.java-1.40.0-win32-x64\server\plugins\org.eclipse.equinox.launcher_1.6.1000.v20250131-0606.jar -configuration c:\Users\Lenovo LOQ\AppData\Roaming\Code\User\globalStorage\redhat.java\1.40.0\config_ss_win -data c:\Users\Lenovo LOQ\AppData\Roaming\Code\User\workspaceStorage\764d310ac0ed68bb9f28030df169b57b\redhat.java\ss_ws --pipe=\\.\pipe\lsp-39fd4b94ae447e35a78fe40b56850473-sock
java_class_path (initial): c:\Users\Lenovo LOQ\.vscode\extensions\redhat.java-1.40.0-win32-x64\server\plugins\org.eclipse.equinox.launcher_1.6.1000.v20250131-0606.jar
Launcher Type: SUN_STANDARD

[Global flags]
    uintx AdaptiveSizePolicyWeight                 = 90                                        {product} {command line}
     intx CICompilerCount                          = 4                                         {product} {ergonomic}
    uintx GCTimeRatio                              = 4                                         {product} {command line}
   size_t InitialHeapSize                          = 104857600                                 {product} {command line}
   size_t MaxHeapSize                              = 1073741824                                {product} {command line}
   size_t MaxNewSize                               = 357564416                                 {product} {ergonomic}
   size_t MinHeapDeltaBytes                        = 524288                                    {product} {ergonomic}
   size_t MinHeapSize                              = 104857600                                 {product} {command line}
   size_t NewSize                                  = 34603008                                  {product} {ergonomic}
    uintx NonNMethodCodeHeapSize                   = 5839372                                {pd product} {ergonomic}
    uintx NonProfiledCodeHeapSize                  = 122909434                              {pd product} {ergonomic}
   size_t OldSize                                  = 70254592                                  {product} {ergonomic}
    uintx ProfiledCodeHeapSize                     = 122909434                              {pd product} {ergonomic}
    uintx ReservedCodeCacheSize                    = 251658240                              {pd product} {ergonomic}
     bool SegmentedCodeCache                       = true                                      {product} {ergonomic}
   size_t SoftMaxHeapSize                          = 1073741824                             {manageable} {ergonomic}
     bool UseCompressedOops                        = true                           {product lp64_product} {ergonomic}
     bool UseLargePagesIndividualAllocation        = false                                  {pd product} {ergonomic}
     bool UseParallelGC                            = true                                      {product} {command line}

Logging:
Log output configuration:
 #0: stdout all=off uptime,level,tags foldmultilines=false
 #1: stderr all=off uptime,level,tags foldmultilines=false

Environment Variables:
PATH=C:\Users\Lenovo LOQ\AppData\Local\cloud-code\installer\google-cloud-sdk\bin;C:\Program Files (x86)\Microsoft\Edge\Application;C:\WINDOWS\system32;C:\WINDOWS;C:\WINDOWS\System32\Wbem;C:\WINDOWS\System32\WindowsPowerShell\v1.0\;C:\WINDOWS\System32\OpenSSH\;C:\Program Files (x86)\NVIDIA Corporation\PhysX\Common;C:\Program Files\NVIDIA Corporation\NVIDIA NvDLISR;C:\Program Files\Microsoft SQL Server\150\Tools\Binn\;C:\Program Files\AzureConnectedMachineAgent\;C:\Program Files\dotnet\;C:\Program Files\nodejs\;C:\Program Files\Microsoft SQL Server\Client SDK\ODBC\170\Tools\Binn\;C:\Program Files (x86)\Windows Kits\10\Windows Performance Toolkit\;C:\Program Files\Git\cmd;C:\ProgramData\chocolatey\bin;C:\Users\Lenovo LOQ\AppData\Local\Programs\Eclipse Adoptium\jdk-21.0.5.11-hotspot\bin;C:\Users\Lenovo LOQ\AppData\Local\Programs\Quarto\bin;C:\Ruby33-x64\bin;C:\Users\Lenovo LOQ\AppData\Local\Microsoft\WindowsApps;C:\Users\Lenovo LOQ\AppData\Local\Programs\Microsoft VS Code\bin;C:\Users\Lenovo LOQ\AppData\Local\GitHubDesktop\bin;C:\Users\Lenovo LOQ\AppData\Local\Microsoft\WinGet\Packages\Schniz.fnm_Microsoft.Winget.Source_8wekyb3d8bbwe;C:\Users\Lenovo LOQ\AppData\Local\Programs\Azure Dev CLI\;C:\Users\Lenovo LOQ\.dotnet\tools;C:\Users\Lenovo LOQ\AppData\Roaming\npm;C:\Users\Lenovo LOQ\AppData\Local\Pandoc\;C:\Users\Lenovo LOQ\AppData\Local\Google\Cloud SDK\google-cloud-sdk\bin;C:\Program Files (x86)\Google\Cloud SDK\google-cloud-sdk\bin;C:\Program Files\Google\Cloud SDK\google-cloud-sdk\bin
USERNAME=Lenovo LOQ
OS=Windows_NT
PROCESSOR_IDENTIFIER=Intel64 Family 6 Model 151 Stepping 2, GenuineIntel
TMP=C:\Users\LENOVO~1\AppData\Local\Temp
TEMP=C:\Users\LENOVO~1\AppData\Local\Temp




Periodic native trim disabled

---------------  S Y S T E M  ---------------

OS:
 Windows 11 , 64 bit Build 26100 (10.0.26100.3360)
OS uptime: 0 days 23:10 hours
Hyper-V role detected

CPU: total 12 (initial active 12) (6 cores per cpu, 2 threads per core) family 6 model 151 stepping 2 microcode 0x35, cx8, cmov, fxsr, ht, mmx, 3dnowpref, sse, sse2, sse3, ssse3, sse4.1, sse4.2, popcnt, lzcnt, tsc, tscinvbit, avx, avx2, aes, erms, clmul, bmi1, bmi2, adx, sha, fma, vzeroupper, clflush, clflushopt, clwb, hv, serialize, rdtscp, rdpid, fsrm, f16c, cet_ibt, cet_ss
Processor Information for the first 12 processors :
  Max Mhz: 2400, Current Mhz: 2400, Mhz Limit: 2400

Memory: 4k page, system-wide physical 16091M (698M free)
TotalPageFile size 35547M (AvailPageFile size 443M)
current process WorkingSet (physical memory assigned to process): 155M, peak: 160M
current process commit charge ("private bytes"): 272M, peak: 277M

vm_info: OpenJDK 64-Bit Server VM (21.0.6+7-LTS) for windows-amd64 JRE (21.0.6+7-LTS), built on 2025-01-21T00:00:00Z by "admin" with MS VC++ 17.7 (VS2022)

END.
